<?xml version="1.0" encoding="UTF-8"?>
<testng-results ignored="0" total="1" passed="1" failed="0" skipped="0">
  <reporter-output>
  </reporter-output>
  <suite started-at="2024-05-30T07:18:18 BST" name="Default suite" finished-at="2024-05-30T07:18:26 BST" duration-ms="8153">
    <groups>
    </groups>
    <test started-at="2024-05-30T07:18:18 BST" name="Default test" finished-at="2024-05-30T07:18:26 BST" duration-ms="8153">
      <class name="org.testNGcommands.Commands">
        <test-method is-config="true" signature="setUp()[pri:0, instance:org.testNGcommands.Commands@158d2680]" started-at="2024-05-30T07:18:18 BST" name="setUp" finished-at="2024-05-30T07:18:24 BST" duration-ms="6469" status="PASS">
          <reporter-output>
          </reporter-output>
        </test-method> <!-- setUp -->
        <test-method signature="verifyKeyBoardEvents()[pri:0, instance:org.testNGcommands.Commands@158d2680]" started-at="2024-05-30T07:18:25 BST" name="verifyKeyBoardEvents" finished-at="2024-05-30T07:18:26 BST" duration-ms="1515" status="PASS">
          <reporter-output>
          </reporter-output>
        </test-method> <!-- verifyKeyBoardEvents -->
        <test-method is-config="true" signature="closeBrowser()[pri:0, instance:org.testNGcommands.Commands@158d2680]" started-at="2024-05-30T07:18:26 BST" name="closeBrowser" finished-at="2024-05-30T07:18:26 BST" duration-ms="1" status="PASS">
          <reporter-output>
          </reporter-output>
        </test-method> <!-- closeBrowser -->
      </class> <!-- org.testNGcommands.Commands -->
    </test> <!-- Default test -->
  </suite> <!-- Default suite -->
</testng-results>
