<?xml version="1.0" encoding="UTF-8"?>
<!-- Generated by org.testng.reporters.JUnitXMLReporter -->
<testsuite ignored="4" hostname="Arish" failures="0" tests="1" name="Default test" time="8.153" errors="0" timestamp="2024-05-30T07:18:26 BST">
  <testcase classname="org.testNGcommands.Commands" name="verifyKeyBoardEvents" time="1.515"/>
  <testcase classname="org.testNGcommands.Commands" name="VerifyHomePageTitle" time="0.0">
    <ignored/>
  </testcase> <!-- VerifyHomePageTitle -->
  <testcase classname="org.testNGcommands.Commands" name="verifySendKeysJsExecutor" time="0.0">
    <ignored/>
  </testcase> <!-- verifySendKeysJsExecutor -->
  <testcase classname="org.testNGcommands.Commands" name="verifyHorizontalScroll" time="0.0">
    <ignored/>
  </testcase> <!-- verifyHorizontalScroll -->
  <testcase classname="org.testNGcommands.Commands" name="VerifyDemoWebShop" time="0.0">
    <ignored/>
  </testcase> <!-- VerifyDemoWebShop -->
</testsuite> <!-- Default test -->
